DEBUG:root:swapping 6 with 3
DEBUG:root:new list: [5, 3, 7, 8, 1, 2, 6]
DEBUG:root:swapping 7 with 2
DEBUG:root:new list: [5, 3, 2, 8, 1, 7, 6]
DEBUG:root:swapping 8 with 1
DEBUG:root:new list: [5, 3, 2, 1, 8, 7, 6]
DEBUG:root:swapping 5 with 1
DEBUG:root:new list: [1, 3, 2, 5, 8, 7, 6]
DEBUG:root:swapping 1 with 1
DEBUG:root:new list: [1, 3, 2]
DEBUG:root:swapping 3 with 2
DEBUG:root:new list: [2, 3]
DEBUG:root:swapping 2 with 2
DEBUG:root:new list: [2]
DEBUG:root:swapping 8 with 6
DEBUG:root:new list: [6, 7, 8]
DEBUG:root:swapping 6 with 6
DEBUG:root:new list: [6, 7]
DEBUG:root:swapping 7 with 7
DEBUG:root:new list: [7]
DEBUG:root:swapping 6 with 3
DEBUG:root:new list: [5, 3, 7, 8, 1, 2, 6]
DEBUG:root:swapping 7 with 2
DEBUG:root:new list: [5, 3, 2, 8, 1, 7, 6]
DEBUG:root:swapping 8 with 1
DEBUG:root:new list: [5, 3, 2, 1, 8, 7, 6]
DEBUG:root:swapping 5 with 1
DEBUG:root:new list: [1, 3, 2, 5, 8, 7, 6]
DEBUG:root:swapping 1 with 1
DEBUG:root:new list: [1, 3, 2]
DEBUG:root:swapping 3 with 2
DEBUG:root:new list: [2, 3]
DEBUG:root:swapping 2 with 2
DEBUG:root:new list: [2]
DEBUG:root:swapping 8 with 6
DEBUG:root:new list: [6, 7, 8]
DEBUG:root:swapping 6 with 6
DEBUG:root:new list: [6, 7]
DEBUG:root:swapping 7 with 7
DEBUG:root:new list: [7]
DEBUG:root:swapping 6 with 3
DEBUG:root:new list: [5, 3, 7, 8, 1, 2, 6]
DEBUG:root:swapping 7 with 2
DEBUG:root:new list: [5, 3, 2, 8, 1, 7, 6]
DEBUG:root:swapping 8 with 1
DEBUG:root:new list: [5, 3, 2, 1, 8, 7, 6]
DEBUG:root:swapping 5 with 1
DEBUG:root:new list: [1, 3, 2, 5, 8, 7, 6]
DEBUG:root:swapping 1 with 1
DEBUG:root:new list: [1, 3, 2]
DEBUG:root:swapping 3 with 2
DEBUG:root:new list: [2, 3]
DEBUG:root:swapping 2 with 2
DEBUG:root:new list: [2]
DEBUG:root:swapping 8 with 6
DEBUG:root:new list: [6, 7, 8]
DEBUG:root:swapping 6 with 6
DEBUG:root:new list: [6, 7]
DEBUG:root:swapping 7 with 7
DEBUG:root:new list: [7]
DEBUG:root:swapping 6 with 3
DEBUG:root:new list: [5, 3, 7, 8, 1, 2, 6]
DEBUG:root:swapping 7 with 2
DEBUG:root:new list: [5, 3, 2, 8, 1, 7, 6]
DEBUG:root:swapping 8 with 1
DEBUG:root:new list: [5, 3, 2, 1, 8, 7, 6]
DEBUG:root:swapping 5 with 1
DEBUG:root:new list: [1, 3, 2, 5, 8, 7, 6]
DEBUG:root:swapping 1 with 1
DEBUG:root:new list: [1, 3, 2]
DEBUG:root:swapping 3 with 2
DEBUG:root:new list: [2, 3]
DEBUG:root:swapping 2 with 2
DEBUG:root:new list: [2]
DEBUG:root:swapping 8 with 6
DEBUG:root:new list: [6, 7, 8]
DEBUG:root:swapping 6 with 6
DEBUG:root:new list: [6, 7]
DEBUG:root:swapping 7 with 7
DEBUG:root:new list: [7]
DEBUG:root:swapping 6 with 3
DEBUG:root:new list: [5, 3, 7, 8, 1, 2, 6]
DEBUG:root:swapping 7 with 2
DEBUG:root:new list: [5, 3, 2, 8, 1, 7, 6]
DEBUG:root:swapping 8 with 1
DEBUG:root:new list: [5, 3, 2, 1, 8, 7, 6]
DEBUG:root:swapping 5 with 1
DEBUG:root:new list: [1, 3, 2, 5, 8, 7, 6]
DEBUG:root:swapping 1 with 1
DEBUG:root:new list: [1, 3, 2]
DEBUG:root:swapping 3 with 2
DEBUG:root:new list: [2, 3]
DEBUG:root:swapping 2 with 2
DEBUG:root:new list: [2]
DEBUG:root:swapping 8 with 6
DEBUG:root:new list: [6, 7, 8]
DEBUG:root:swapping 6 with 6
DEBUG:root:new list: [6, 7]
DEBUG:root:swapping 7 with 7
DEBUG:root:new list: [7]
